<?xml version="1.0" encoding="UTF-8"?>
<robot generator="Robot 3.2.2 (Python 3.7.0 on win32)" generated="20210218 20:01:56.913" rpa="false">
<suite id="s1" name="Tour-Of" source="E:\RPAStudy\Cases\RFCases\AddInvoiceByChrome\tour-of.robot">
<kw name="Run Keywords" library="BuiltIn" type="setup">
<doc>Executes all the given keywords in a sequence.</doc>
<arguments>
<arg>Initialize Test Data</arg>
<arg>Configure Selenium</arg>
<arg>Navigate To Homepage</arg>
</arguments>
<kw name="Initialize Test Data" library="data">
<kw name="Read Invoice Fixtures" library="data">
<assign>
<var>${json}</var>
</assign>
<kw name="Get File" library="OperatingSystem">
<doc>Returns the contents of a specified file.</doc>
<arguments>
<arg>${EXECDIR}/invoice-fixtures.json</arg>
</arguments>
<assign>
<var>${json_data}</var>
</assign>
<msg timestamp="20210218 20:01:57.096" level="INFO" html="yes">Getting file '&lt;a href="file://E:\RPAStudy\Cases\RFCases\AddInvoiceByChrome\invoice-fixtures.json"&gt;E:\RPAStudy\Cases\RFCases\AddInvoiceByChrome\invoice-fixtures.json&lt;/a&gt;'.</msg>
<msg timestamp="20210218 20:01:57.096" level="INFO">${json_data} = {
    "demo" : {
        "company_name" : "Beaufort Fairmont, LLC",
        "type_of_work" : "Test Automation",
        "status" : "Past Due",
        "amount" : "521.20",
        "due_date" : "2019-1...</msg>
<status status="PASS" starttime="20210218 20:01:57.096" endtime="20210218 20:01:57.096"></status>
</kw>
<kw name="Evaluate" library="BuiltIn">
<doc>Evaluates the given expression in Python and returns the result.</doc>
<arguments>
<arg>json.loads('''${json_data}''')</arg>
<arg>json</arg>
</arguments>
<assign>
<var>${json}</var>
</assign>
<msg timestamp="20210218 20:01:57.097" level="INFO">${json} = {'demo': {'company_name': 'Beaufort Fairmont, LLC', 'type_of_work': 'Test Automation', 'status': 'Past Due', 'amount': '521.20', 'due_date': '2019-12-31', 'description': 'Test Automation experts helpi...</msg>
<status status="PASS" starttime="20210218 20:01:57.097" endtime="20210218 20:01:57.097"></status>
</kw>
<msg timestamp="20210218 20:01:57.097" level="INFO">${json} = {'demo': {'company_name': 'Beaufort Fairmont, LLC', 'type_of_work': 'Test Automation', 'status': 'Past Due', 'amount': '521.20', 'due_date': '2019-12-31', 'description': 'Test Automation experts helpi...</msg>
<status status="PASS" starttime="20210218 20:01:57.096" endtime="20210218 20:01:57.097"></status>
</kw>
<kw name="Set Global Variable" library="BuiltIn">
<doc>Makes a variable available globally in all tests and suites.</doc>
<arguments>
<arg>${Invoices}</arg>
<arg>${json}</arg>
</arguments>
<msg timestamp="20210218 20:01:57.097" level="INFO">${Invoices} = {'demo': {'company_name': 'Beaufort Fairmont, LLC', 'type_of_work': 'Test Automation', 'status': 'Past Due', 'amount': '521.20', 'due_date': '2019-12-31', 'description': 'Test Automation experts helpi...</msg>
<status status="PASS" starttime="20210218 20:01:57.097" endtime="20210218 20:01:57.097"></status>
</kw>
<status status="PASS" starttime="20210218 20:01:57.096" endtime="20210218 20:01:57.098"></status>
</kw>
<kw name="Configure Selenium" library="system">
<kw name="Set Selenium Speed" library="SeleniumLibrary">
<doc>Sets the delay that is waited after each Selenium command.</doc>
<arguments>
<arg>.25 Seconds</arg>
</arguments>
<status status="PASS" starttime="20210218 20:01:57.098" endtime="20210218 20:01:57.098"></status>
</kw>
<status status="PASS" starttime="20210218 20:01:57.098" endtime="20210218 20:01:57.098"></status>
</kw>
<kw name="Navigate To Homepage" library="system">
<kw name="Open Browser" library="SeleniumLibrary">
<doc>Opens a new browser instance to the optional ``url``.</doc>
<arguments>
<arg>${SiteUrl}</arg>
<arg>${BROWSER}</arg>
</arguments>
<msg timestamp="20210218 20:01:57.099" level="INFO">Opening browser 'Chrome' to base url 'http://34.225.240.91'.</msg>
<kw name="Capture Page Screenshot" library="SeleniumLibrary">
<doc>Takes a screenshot of the current page and embeds it into a log file.</doc>
<msg timestamp="20210218 20:01:59.151" level="INFO" html="yes">&lt;/td&gt;&lt;/tr&gt;&lt;tr&gt;&lt;td colspan="3"&gt;&lt;a href="selenium-screenshot-9.png"&gt;&lt;img src="selenium-screenshot-9.png" width="800px"&gt;&lt;/a&gt;</msg>
<status status="PASS" starttime="20210218 20:01:58.627" endtime="20210218 20:01:59.151"></status>
</kw>
<msg timestamp="20210218 20:01:59.154" level="FAIL">WebDriverException: Message: unknown error: net::ERR_INTERNET_DISCONNECTED
  (Session info: chrome=88.0.4324.150)
</msg>
<status status="FAIL" starttime="20210218 20:01:57.099" endtime="20210218 20:01:59.154"></status>
</kw>
<status status="FAIL" starttime="20210218 20:01:57.098" endtime="20210218 20:01:59.154"></status>
</kw>
<status status="FAIL" starttime="20210218 20:01:57.095" endtime="20210218 20:01:59.154"></status>
</kw>
<test id="s1-t1" name="Create An Invoice">
<status status="FAIL" starttime="20210218 20:01:59.154" endtime="20210218 20:01:59.155" critical="yes">Parent suite setup failed:
WebDriverException: Message: unknown error: net::ERR_INTERNET_DISCONNECTED
  (Session info: chrome=88.0.4324.150)
</status>
</test>
<kw name="Exit Selenium" library="system" type="teardown">
<kw name="Capture Page Screenshot" library="SeleniumLibrary">
<doc>Takes a screenshot of the current page and embeds it into a log file.</doc>
<msg timestamp="20210218 20:01:59.701" level="INFO" html="yes">&lt;/td&gt;&lt;/tr&gt;&lt;tr&gt;&lt;td colspan="3"&gt;&lt;a href="selenium-screenshot-10.png"&gt;&lt;img src="selenium-screenshot-10.png" width="800px"&gt;&lt;/a&gt;</msg>
<status status="PASS" starttime="20210218 20:01:59.157" endtime="20210218 20:01:59.701"></status>
</kw>
<kw name="Close Browser" library="SeleniumLibrary">
<doc>Closes the current browser.</doc>
<status status="PASS" starttime="20210218 20:01:59.701" endtime="20210218 20:02:02.026"></status>
</kw>
<status status="PASS" starttime="20210218 20:01:59.157" endtime="20210218 20:02:02.026"></status>
</kw>
<status status="FAIL" starttime="20210218 20:01:56.914" endtime="20210218 20:02:02.026">Suite setup failed:
WebDriverException: Message: unknown error: net::ERR_INTERNET_DISCONNECTED
  (Session info: chrome=88.0.4324.150)
</status>
</suite>
<statistics>
<total>
<stat pass="0" fail="1">Critical Tests</stat>
<stat pass="0" fail="1">All Tests</stat>
</total>
<tag>
</tag>
<suite>
<stat pass="0" fail="1" id="s1" name="Tour-Of">Tour-Of</stat>
</suite>
</statistics>
<errors>
</errors>
</robot>
